---------------------------------------------
SLURM job ID:        15608
SLURM job node list: lovelace-02
DATE:                Mon Jun  2 10:32:47 PM CEST 2025
---------------------------------------------
no change     /opt/spack/opt/spack/linux-rocky9-x86_64/gcc-13.2.0/miniconda3-22.11.1-tn534fvb4uy4wrf7m2zcwpiycdzlebd6/condabin/conda
no change     /opt/spack/opt/spack/linux-rocky9-x86_64/gcc-13.2.0/miniconda3-22.11.1-tn534fvb4uy4wrf7m2zcwpiycdzlebd6/bin/conda
no change     /opt/spack/opt/spack/linux-rocky9-x86_64/gcc-13.2.0/miniconda3-22.11.1-tn534fvb4uy4wrf7m2zcwpiycdzlebd6/bin/conda-env
no change     /opt/spack/opt/spack/linux-rocky9-x86_64/gcc-13.2.0/miniconda3-22.11.1-tn534fvb4uy4wrf7m2zcwpiycdzlebd6/bin/activate
no change     /opt/spack/opt/spack/linux-rocky9-x86_64/gcc-13.2.0/miniconda3-22.11.1-tn534fvb4uy4wrf7m2zcwpiycdzlebd6/bin/deactivate
no change     /opt/spack/opt/spack/linux-rocky9-x86_64/gcc-13.2.0/miniconda3-22.11.1-tn534fvb4uy4wrf7m2zcwpiycdzlebd6/etc/profile.d/conda.sh
no change     /opt/spack/opt/spack/linux-rocky9-x86_64/gcc-13.2.0/miniconda3-22.11.1-tn534fvb4uy4wrf7m2zcwpiycdzlebd6/etc/fish/conf.d/conda.fish
no change     /opt/spack/opt/spack/linux-rocky9-x86_64/gcc-13.2.0/miniconda3-22.11.1-tn534fvb4uy4wrf7m2zcwpiycdzlebd6/shell/condabin/Conda.psm1
no change     /opt/spack/opt/spack/linux-rocky9-x86_64/gcc-13.2.0/miniconda3-22.11.1-tn534fvb4uy4wrf7m2zcwpiycdzlebd6/shell/condabin/conda-hook.ps1
no change     /opt/spack/opt/spack/linux-rocky9-x86_64/gcc-13.2.0/miniconda3-22.11.1-tn534fvb4uy4wrf7m2zcwpiycdzlebd6/lib/python3.10/site-packages/xontrib/conda.xsh
no change     /opt/spack/opt/spack/linux-rocky9-x86_64/gcc-13.2.0/miniconda3-22.11.1-tn534fvb4uy4wrf7m2zcwpiycdzlebd6/etc/profile.d/conda.csh
no change     /u/scandussio/.bashrc
No action taken.
The following values were not passed to `accelerate launch` and had defaults used instead:
	`--num_processes` was set to a value of `1`
	`--num_machines` was set to a value of `1`
	`--mixed_precision` was set to a value of `'no'`
	`--dynamo_backend` was set to a value of `'no'`
To avoid this warning pass in values for each of the problematic parameters or run `accelerate config`.
🦥 Unsloth: Will patch your computer to enable 2x faster free finetuning.
🦥 Unsloth Zoo will now patch everything to make training faster!
INFO 06-02 22:33:06 __init__.py:190] Automatically detected platform cuda.
Traceback (most recent call last):
  File "/share/ai-lab/scandussio/rebus-grpo/grpo-phi-2000.py", line 8, in <module>
    from reward_funcs_coldstart import combined_rewards
ModuleNotFoundError: No module named 'reward_funcs_coldstart'
Traceback (most recent call last):
  File "/u/scandussio/.conda/envs/rebus-env/bin/accelerate", line 8, in <module>
    sys.exit(main())
  File "/u/scandussio/.conda/envs/rebus-env/lib/python3.10/site-packages/accelerate/commands/accelerate_cli.py", line 50, in main
    args.func(args)
  File "/u/scandussio/.conda/envs/rebus-env/lib/python3.10/site-packages/accelerate/commands/launch.py", line 1198, in launch_command
    simple_launcher(args)
  File "/u/scandussio/.conda/envs/rebus-env/lib/python3.10/site-packages/accelerate/commands/launch.py", line 785, in simple_launcher
    raise subprocess.CalledProcessError(returncode=process.returncode, cmd=cmd)
subprocess.CalledProcessError: Command '['/u/scandussio/.conda/envs/rebus-env/bin/python3.10', 'grpo-phi-2000.py']' returned non-zero exit status 1.
DONE!
