---------------------------------------------
SLURM job ID:        15654
SLURM job node list: lovelace-02
DATE:                Wed Jun  4 12:49:48 PM CEST 2025
---------------------------------------------
no change     /opt/spack/opt/spack/linux-rocky9-x86_64/gcc-13.2.0/miniconda3-22.11.1-tn534fvb4uy4wrf7m2zcwpiycdzlebd6/condabin/conda
no change     /opt/spack/opt/spack/linux-rocky9-x86_64/gcc-13.2.0/miniconda3-22.11.1-tn534fvb4uy4wrf7m2zcwpiycdzlebd6/bin/conda
no change     /opt/spack/opt/spack/linux-rocky9-x86_64/gcc-13.2.0/miniconda3-22.11.1-tn534fvb4uy4wrf7m2zcwpiycdzlebd6/bin/conda-env
no change     /opt/spack/opt/spack/linux-rocky9-x86_64/gcc-13.2.0/miniconda3-22.11.1-tn534fvb4uy4wrf7m2zcwpiycdzlebd6/bin/activate
no change     /opt/spack/opt/spack/linux-rocky9-x86_64/gcc-13.2.0/miniconda3-22.11.1-tn534fvb4uy4wrf7m2zcwpiycdzlebd6/bin/deactivate
no change     /opt/spack/opt/spack/linux-rocky9-x86_64/gcc-13.2.0/miniconda3-22.11.1-tn534fvb4uy4wrf7m2zcwpiycdzlebd6/etc/profile.d/conda.sh
no change     /opt/spack/opt/spack/linux-rocky9-x86_64/gcc-13.2.0/miniconda3-22.11.1-tn534fvb4uy4wrf7m2zcwpiycdzlebd6/etc/fish/conf.d/conda.fish
no change     /opt/spack/opt/spack/linux-rocky9-x86_64/gcc-13.2.0/miniconda3-22.11.1-tn534fvb4uy4wrf7m2zcwpiycdzlebd6/shell/condabin/Conda.psm1
no change     /opt/spack/opt/spack/linux-rocky9-x86_64/gcc-13.2.0/miniconda3-22.11.1-tn534fvb4uy4wrf7m2zcwpiycdzlebd6/shell/condabin/conda-hook.ps1
no change     /opt/spack/opt/spack/linux-rocky9-x86_64/gcc-13.2.0/miniconda3-22.11.1-tn534fvb4uy4wrf7m2zcwpiycdzlebd6/lib/python3.10/site-packages/xontrib/conda.xsh
no change     /opt/spack/opt/spack/linux-rocky9-x86_64/gcc-13.2.0/miniconda3-22.11.1-tn534fvb4uy4wrf7m2zcwpiycdzlebd6/etc/profile.d/conda.csh
no change     /u/scandussio/.bashrc
No action taken.
The following values were not passed to `accelerate launch` and had defaults used instead:
	`--num_processes` was set to a value of `1`
	`--num_machines` was set to a value of `1`
	`--mixed_precision` was set to a value of `'no'`
	`--dynamo_backend` was set to a value of `'no'`
To avoid this warning pass in values for each of the problematic parameters or run `accelerate config`.
slurmstepd: error: *** JOB 15654 ON lovelace-02 CANCELLED AT 2025-06-04T12:49:56 ***
